<?xml version="1.0" encoding="UTF-8"?>
<testng-results skipped="0" failed="0" total="3" passed="3">
  <reporter-output>
  </reporter-output>
  <suite name="Default suite" duration-ms="87568" started-at="2019-07-16T10:32:02Z" finished-at="2019-07-16T10:33:29Z">
    <groups>
      <group name="cucumber">
        <method signature="AbstractTestNGCucumberTests.feature(cucumber.api.testng.CucumberFeatureWrapper)[pri:0, instance:runners.MainRunner@6e1567f1]" name="feature" class="cucumber.api.testng.AbstractTestNGCucumberTests"/>
      </group> <!-- cucumber -->
    </groups>
    <test name="Default test" duration-ms="87568" started-at="2019-07-16T10:32:02Z" finished-at="2019-07-16T10:33:29Z">
      <class name="runners.MainRunner">
        <test-method status="PASS" signature="setUpClass()[pri:0, instance:runners.MainRunner@6e1567f1]" name="setUpClass" is-config="true" duration-ms="182" started-at="2019-07-16T16:02:02Z" finished-at="2019-07-16T16:02:02Z">
          <reporter-output>
          </reporter-output>
        </test-method> <!-- setUpClass -->
        <test-method status="PASS" signature="feature(cucumber.api.testng.CucumberFeatureWrapper)[pri:0, instance:runners.MainRunner@6e1567f1]" name="feature" duration-ms="34622" started-at="2019-07-16T16:02:02Z" description="Runs Cucumber Feature" data-provider="features" finished-at="2019-07-16T16:02:37Z">
          <params>
            <param index="0">
              <value>
                <![CDATA[Static testing for Advanced Repayment Page]]>
              </value>
            </param>
          </params>
          <reporter-output>
          </reporter-output>
        </test-method> <!-- feature -->
        <test-method status="PASS" signature="feature(cucumber.api.testng.CucumberFeatureWrapper)[pri:0, instance:runners.MainRunner@6e1567f1]" name="feature" duration-ms="35280" started-at="2019-07-16T16:02:37Z" description="Runs Cucumber Feature" data-provider="features" finished-at="2019-07-16T16:03:12Z">
          <params>
            <param index="0">
              <value>
                <![CDATA[Static testing for Advanced Repayment Page2]]>
              </value>
            </param>
          </params>
          <reporter-output>
          </reporter-output>
        </test-method> <!-- feature -->
        <test-method status="PASS" signature="feature(cucumber.api.testng.CucumberFeatureWrapper)[pri:0, instance:runners.MainRunner@6e1567f1]" name="feature" duration-ms="17201" started-at="2019-07-16T16:03:12Z" description="Runs Cucumber Feature" data-provider="features" finished-at="2019-07-16T16:03:29Z">
          <params>
            <param index="0">
              <value>
                <![CDATA[Static testing for Advanced Repayment Page3]]>
              </value>
            </param>
          </params>
          <reporter-output>
          </reporter-output>
        </test-method> <!-- feature -->
        <test-method status="PASS" signature="writeExtentReport()[pri:0, instance:runners.MainRunner@6e1567f1]" name="writeExtentReport" is-config="true" duration-ms="12" started-at="2019-07-16T16:03:29Z" finished-at="2019-07-16T16:03:29Z">
          <reporter-output>
          </reporter-output>
        </test-method> <!-- writeExtentReport -->
        <test-method status="PASS" signature="tearDownClass()[pri:0, instance:runners.MainRunner@6e1567f1]" name="tearDownClass" is-config="true" duration-ms="205" started-at="2019-07-16T16:03:29Z" finished-at="2019-07-16T16:03:29Z">
          <reporter-output>
          </reporter-output>
        </test-method> <!-- tearDownClass -->
      </class> <!-- runners.MainRunner -->
    </test> <!-- Default test -->
  </suite> <!-- Default suite -->
</testng-results>
